<?xml version="1.0" encoding="UTF-8"?>
<!-- Generated by org.testng.reporters.JUnitReportReporter -->
<testsuite hostname="MacBook-Pro.local" failures="0" tests="2" name="pageTest.LoginPageTest" time="32.333" errors="0" timestamp="2023-04-13T20:10:23 EDT" skipped="0">
  <testcase classname="pageTest.LoginPageTest" name="loginSucessfullly" time="21.284"/>
  <system-out/>
  <testcase classname="pageTest.LoginPageTest" name="loginFail" time="11.049"/>
  <system-out/>
</testsuite> <!-- pageTest.LoginPageTest -->
