<?xml version="1.0" encoding="UTF-8"?>
<!-- Generated by org.testng.reporters.JUnitReportReporter -->
<testsuite hostname="MacBook-Pro.local" failures="0" tests="1" name="pageTest.AboutArtsperTest" time="26.977" errors="0" timestamp="2023-04-07T02:53:09 EDT" skipped="0">
  <testcase classname="pageTest.AboutArtsperTest" name="AboutArtspert" time="26.977"/>
  <system-out/>
</testsuite> <!-- pageTest.AboutArtsperTest -->
