<?xml version="1.0" encoding="UTF-8"?>
<!-- Generated by org.testng.reporters.JUnitReportReporter -->
<testsuite hostname="MacBook-Pro.local" failures="0" tests="1" name="pageTest.AboutArtsperTest" time="29.316" errors="0" timestamp="2023-04-09T11:10:43 EDT" skipped="0">
  <testcase classname="pageTest.AboutArtsperTest" name="AboutArtspert" time="29.316"/>
  <system-out/>
</testsuite> <!-- pageTest.AboutArtsperTest -->
