<?xml version="1.0" encoding="UTF-8"?>
<!-- Generated by org.testng.reporters.JUnitReportReporter -->
<testsuite hostname="DESKTOP-LSJ0LMF" failures="0" tests="2" name="pageTest.BillingPageTestAysem" time="45.981" errors="0" timestamp="2023-04-09T10:13:24 EDT" skipped="0">
  <testcase classname="pageTest.BillingPageTestAysem" name="searchBar" time="24.671"/>
  <system-out/>
  <testcase classname="pageTest.BillingPageTestAysem" name="billingInformation" time="21.310"/>
  <system-out/>
</testsuite> <!-- pageTest.BillingPageTestAysem -->
