<?xml version="1.0" encoding="UTF-8"?>
<!-- Generated by org.testng.reporters.JUnitReportReporter -->
<testsuite hostname="MacBook-Pro.local" failures="0" tests="1" name="pageObject.tryTest" time="0.013" errors="0" timestamp="2023-04-01T23:49:33 EDT" skipped="0">
  <testcase classname="pageObject.tryTest" name="test1" time="0.013"/>
  <system-out/>
</testsuite> <!-- pageObject.tryTest -->
