<?xml version="1.0" encoding="UTF-8"?>
<!-- Generated by org.testng.reporters.JUnitReportReporter -->
<testsuite hostname="DESKTOP-2I04UOU" failures="0" tests="3" name="pageTest.ShoppingPageTest" time="36.732" errors="0" timestamp="2023-04-08T19:28:44 EDT" skipped="0">
  <testcase classname="pageTest.ShoppingPageTest" name="removeItemsMethod" time="13.590"/>
  <system-out/>
  <testcase classname="pageTest.ShoppingPageTest" name="loginSuccessfully" time="11.038"/>
  <system-out/>
  <testcase classname="pageTest.ShoppingPageTest" name="buyArtworkMethod" time="12.104"/>
  <system-out/>
</testsuite> <!-- pageTest.ShoppingPageTest -->
