<?xml version="1.0" encoding="UTF-8"?>
<!-- Generated by org.testng.reporters.JUnitReportReporter -->
<testsuite hostname="DESKTOP-SRN6TAJ" failures="0" tests="1" name="pageTest.GiftCardsPageTest" time="23.908" errors="0" timestamp="2023-04-06T17:59:57 EDT" skipped="0">
  <testcase classname="pageTest.GiftCardsPageTest" name="GiftCards" time="23.908"/>
  <system-out/>
</testsuite> <!-- pageTest.GiftCardsPageTest -->
