<?xml version="1.0" encoding="UTF-8"?>
<!-- Generated by org.testng.reporters.JUnitReportReporter -->
<testsuite hostname="MacBook-Pro.local" failures="0" tests="1" name="pageTest.AboutArtsperTest" time="20.302" errors="0" timestamp="2023-04-07T00:02:02 EDT" skipped="0">
  <testcase classname="pageTest.AboutArtsperTest" name="AboutArtspert" time="20.302"/>
  <system-out/>
</testsuite> <!-- pageTest.AboutArtsperTest -->
