<?xml version="1.0" encoding="UTF-8"?>
<!-- Generated by org.testng.reporters.JUnitReportReporter -->
<testsuite hostname="MacBook-Pro.local" failures="0" tests="1" name="pageTest.BlogPageTest" time="31.044" errors="0" timestamp="2023-04-09T03:28:36 EDT" skipped="0">
  <testcase classname="pageTest.BlogPageTest" name="BlogpageTest" time="31.044"/>
  <system-out/>
</testsuite> <!-- pageTest.BlogPageTest -->
