<?xml version="1.0" encoding="UTF-8"?>
<!-- Generated by org.testng.reporters.JUnitReportReporter -->
<testsuite hostname="MM229082-PC" failures="0" tests="4" name="pageTest.HomePage2Test" time="60.041" errors="0" timestamp="2023-04-02T13:39:29 EDT" skipped="0">
  <testcase classname="pageTest.HomePage2Test" name="loginSuccessfully" time="18.320"/>
  <system-out/>
  <testcase classname="pageTest.HomePage2Test" name="verifyNeedHelpCenter" time="16.198"/>
  <system-out/>
  <testcase classname="pageTest.HomePage2Test" name="verifyLogoSuccessfully" time="11.790"/>
  <system-out/>
  <testcase classname="pageTest.HomePage2Test" name="searchBarBoxVerify" time="13.733"/>
  <system-out/>
</testsuite> <!-- pageTest.HomePage2Test -->
