<?xml version="1.0" encoding="UTF-8"?>
<!-- Generated by org.testng.reporters.JUnitReportReporter -->
<testsuite hostname="DESKTOP-SRN6TAJ" failures="0" tests="1" name="pageTest.AboutArtsperTest" time="18.632" errors="0" timestamp="2023-04-06T17:58:22 EDT" skipped="0">
  <testcase classname="pageTest.AboutArtsperTest" name="AboutArtspert" time="18.632"/>
  <system-out/>
</testsuite> <!-- pageTest.AboutArtsperTest -->
