<?xml version="1.0" encoding="UTF-8"?>
<!-- Generated by org.testng.reporters.JUnitReportReporter -->
<testsuite hostname="MacBook-Pro.local" failures="0" tests="1" name="pageTest.MyFavoritePageTestByFazli" time="38.740" errors="0" timestamp="2023-04-11T23:02:23 EDT" skipped="0">
  <testcase classname="pageTest.MyFavoritePageTestByFazli" name="testcase1" time="38.740"/>
  <system-out/>
</testsuite> <!-- pageTest.MyFavoritePageTestByFazli -->
