<?xml version="1.0" encoding="UTF-8"?>
<!-- Generated by org.testng.reporters.JUnitReportReporter -->
<testsuite hostname="MacBook-Pro.local" failures="0" tests="3" name="pageTest.HomePage2Test" time="50.336" errors="0" timestamp="2023-04-03T01:58:53 EDT" skipped="0">
  <testcase classname="pageTest.HomePage2Test" name="verifyLogoSuccessfully" time="11.173"/>
  <system-out/>
  <testcase classname="pageTest.HomePage2Test" name="searchBarBoxVerify" time="24.269"/>
  <system-out/>
  <testcase classname="pageTest.HomePage2Test" name="verifyNeedHelpCenter" time="14.894"/>
  <system-out/>
</testsuite> <!-- pageTest.HomePage2Test -->
