<?xml version="1.0" encoding="UTF-8"?>
<!-- Generated by org.testng.reporters.JUnitReportReporter -->
<testsuite hostname="MacBook-Pro.local" failures="0" tests="3" name="pageTest.HomePage2Test" time="57.012" errors="0" timestamp="2023-04-07T01:58:33 EDT" skipped="0">
  <testcase classname="pageTest.HomePage2Test" name="searchBarBoxVerify" time="22.033"/>
  <system-out/>
  <testcase classname="pageTest.HomePage2Test" name="verifyNeedHelpCenter" time="22.605"/>
  <system-out/>
  <testcase classname="pageTest.HomePage2Test" name="verifyLogoSuccessfully" time="12.374"/>
  <system-out/>
</testsuite> <!-- pageTest.HomePage2Test -->
