<?xml version="1.0" encoding="UTF-8"?>
<!-- Generated by org.testng.reporters.JUnitReportReporter -->
<testsuite hostname="MacBook-Pro.local" failures="0" tests="2" name="pageTest.RimerTest" time="22.084" errors="0" timestamp="2023-04-03T16:57:48 EDT" skipped="1">
  <testcase classname="pageTest.RimerTest" name="clickLink" time="22.084"/>
  <system-out/>
  <testcase classname="pageTest.RimerTest" name="clickYoutubeSuccessfully">
    <skipped/>
  </testcase> <!-- clickYoutubeSuccessfully -->
  <system-out/>
</testsuite> <!-- pageTest.RimerTest -->
