<?xml version="1.0" encoding="UTF-8"?>
<!-- Generated by org.testng.reporters.JUnitReportReporter -->
<testsuite hostname="DESKTOP-2I04UOU" failures="0" tests="1" name="pageTest.AboutArtsperTest" time="17.748" errors="0" timestamp="2023-04-09T11:10:39 EDT" skipped="0">
  <testcase classname="pageTest.AboutArtsperTest" name="AboutArtspert" time="17.748"/>
  <system-out/>
</testsuite> <!-- pageTest.AboutArtsperTest -->
