<?xml version="1.0" encoding="UTF-8"?>
<!-- Generated by org.testng.reporters.JUnitReportReporter -->
<testsuite hostname="MacBook-Pro.local" failures="0" tests="3" name="pageTest.HomePage2Test" time="27.530" errors="0" timestamp="2023-04-09T00:22:33 EDT" skipped="2">
  <testcase classname="pageTest.HomePage2Test" name="searchBarBoxVerify" time="27.530"/>
  <system-out/>
  <testcase classname="pageTest.HomePage2Test" name="verifyLogoSuccessfully">
    <skipped/>
  </testcase> <!-- verifyLogoSuccessfully -->
  <system-out/>
  <testcase classname="pageTest.HomePage2Test" name="verifyNeedHelpCenter">
    <skipped/>
  </testcase> <!-- verifyNeedHelpCenter -->
  <system-out/>
</testsuite> <!-- pageTest.HomePage2Test -->
