<?xml version="1.0" encoding="UTF-8"?>
<!-- Generated by org.testng.reporters.JUnitReportReporter -->
<testsuite hostname="MacBook-Pro.local" failures="0" tests="1" name="pageTest.AshleyPagetest" time="0.007" errors="0" timestamp="2023-04-01T23:11:49 EDT" skipped="0">
  <testcase classname="pageTest.AshleyPagetest" name="test1" time="0.007"/>
  <system-out/>
</testsuite> <!-- pageTest.AshleyPagetest -->
