<?xml version="1.0" encoding="UTF-8"?>
<!-- Generated by org.testng.reporters.JUnitReportReporter -->
<testsuite hostname="MacBook-Pro.local" failures="0" tests="1" name="pageTest.AysemTest$HomePageTest" time="20.580" errors="0" timestamp="2023-04-02T16:09:33 EDT" skipped="0">
  <testcase classname="pageTest.AysemTest$HomePageTest" name="selectUK" time="20.580"/>
  <system-out/>
</testsuite> <!-- pageTest.AysemTest$HomePageTest -->
