<?xml version="1.0" encoding="UTF-8"?>
<!-- Generated by org.testng.reporters.JUnitReportReporter -->
<testsuite hostname="MacBook-Pro.local" failures="0" tests="1" name="pageTest.LeasingPageTestByFazli" time="28.144" errors="0" timestamp="2023-04-07T02:16:23 EDT" skipped="0">
  <testcase classname="pageTest.LeasingPageTestByFazli" name="testcase2" time="28.144"/>
  <system-out/>
</testsuite> <!-- pageTest.LeasingPageTestByFazli -->
