<?xml version="1.0" encoding="UTF-8"?>
<!-- Generated by org.testng.reporters.JUnitReportReporter -->
<testsuite hostname="MacBook-Pro.local" failures="0" tests="1" name="pageTest.GiftCardsPageTest" time="27.042" errors="0" timestamp="2023-04-07T02:53:09 EDT" skipped="0">
  <testcase classname="pageTest.GiftCardsPageTest" name="GiftCards" time="27.042"/>
  <system-out/>
</testsuite> <!-- pageTest.GiftCardsPageTest -->
