<?xml version="1.0" encoding="UTF-8"?>
<!-- Generated by org.testng.reporters.JUnitReportReporter -->
<testsuite hostname="DESKTOP-LSJ0LMF" failures="0" tests="2" name="pageTest.BillingPageTestAysem" time="46.228" errors="0" timestamp="2023-04-09T10:53:55 EDT" skipped="0">
  <testcase classname="pageTest.BillingPageTestAysem" name="searchBar" time="20.474"/>
  <system-out/>
  <testcase classname="pageTest.BillingPageTestAysem" name="billingInformation" time="25.754"/>
  <system-out/>
</testsuite> <!-- pageTest.BillingPageTestAysem -->
