<?xml version="1.0" encoding="UTF-8"?>
<!-- Generated by org.testng.reporters.JUnitReportReporter -->
<testsuite hostname="DESKTOP-LSJ0LMF" failures="0" tests="2" name="pageTest.MyInformationTestAysem" time="18.962" errors="0" timestamp="2023-04-09T10:53:55 EDT" skipped="0">
  <testcase classname="pageTest.MyInformationTestAysem" name="personalInfoMethod" time="18.822"/>
  <system-out/>
  <testcase classname="pageTest.MyInformationTestAysem" name="budgetPreference" time="0.140"/>
  <system-out/>
</testsuite> <!-- pageTest.MyInformationTestAysem -->
