<?xml version="1.0" encoding="UTF-8"?>
<!-- Generated by org.testng.reporters.JUnitReportReporter -->
<testsuite hostname="MacBook-Pro.local" failures="0" tests="3" name="pageTest.HomePageTest" time="58.981" errors="0" timestamp="2023-04-13T20:10:23 EDT" skipped="0">
  <testcase classname="pageTest.HomePageTest" name="selectCountrySuccessfullly" time="20.638"/>
  <system-out/>
  <testcase classname="pageTest.HomePageTest" name="verifyALlSocialMedia" time="14.296"/>
  <system-out/>
  <testcase classname="pageTest.HomePageTest" name="verifyImageOnHP" time="24.047"/>
  <system-out/>
</testsuite> <!-- pageTest.HomePageTest -->
