<?xml version="1.0" encoding="UTF-8"?>
<!-- Generated by org.testng.reporters.JUnitReportReporter -->
<testsuite hostname="DESKTOP-2I04UOU" failures="0" tests="1" name="pageTest.BlogPageTest" time="21.989" errors="0" timestamp="2023-04-09T11:13:36 EDT" skipped="0">
  <testcase classname="pageTest.BlogPageTest" name="BlogpageTest" time="21.989"/>
  <system-out/>
</testsuite> <!-- pageTest.BlogPageTest -->
