<?xml version="1.0" encoding="UTF-8"?>
<!-- Generated by org.testng.reporters.JUnitReportReporter -->
<<<<<<< HEAD
<testsuite hostname="DESKTOP-2I04UOU" failures="0" tests="1" name="pageTest.BlogPageTest" time="21.989" errors="0" timestamp="2023-04-09T11:13:36 EDT" skipped="0">
  <testcase classname="pageTest.BlogPageTest" name="BlogpageTest" time="21.989"/>
=======
<<<<<<< HEAD
<testsuite hostname="MacBook-Pro.local" failures="0" tests="1" name="pageTest.BlogPageTest" time="31.044" errors="0" timestamp="2023-04-09T03:28:36 EDT" skipped="0">
  <testcase classname="pageTest.BlogPageTest" name="BlogpageTest" time="31.044"/>
=======
<testsuite hostname="DESKTOP-SRN6TAJ" failures="0" tests="1" name="pageTest.BlogPageTest" time="29.610" errors="0" timestamp="2023-04-09T11:21:09 EDT" skipped="0">
  <testcase classname="pageTest.BlogPageTest" name="BlogpageTest" time="29.610"/>
>>>>>>> 279f6122cbd83d9cb254f1a767653ba0c5e1a318
>>>>>>> 3a88dba0acb575bc86f02fbed520a4ff7a40f44e
  <system-out/>
</testsuite> <!-- pageTest.BlogPageTest -->
