<?xml version="1.0" encoding="UTF-8"?>
<!-- Generated by org.testng.reporters.JUnitReportReporter -->
<testsuite hostname="DESKTOP-LSJ0LMF" failures="0" tests="1" name="pageTest.PDFPageTestAysem" time="5.792" errors="0" timestamp="2023-04-08T09:52:22 EDT" skipped="0">
  <testcase classname="pageTest.PDFPageTestAysem" name="windowHandle" time="5.792"/>
  <system-out/>
</testsuite> <!-- pageTest.PDFPageTestAysem -->
