<?xml version="1.0" encoding="UTF-8"?>
<!-- Generated by org.testng.reporters.JUnitReportReporter -->
<testsuite hostname="MacBook-Pro.local" failures="0" tests="3" name="pageTest.HomePage2Test" time="17.140" errors="0" timestamp="2023-04-12T21:33:29 EDT" skipped="2">
  <testcase classname="pageTest.HomePage2Test" name="verifyNeedHelpCenter" time="17.140"/>
  <system-out/>
  <testcase classname="pageTest.HomePage2Test" name="searchBarBoxVerify">
    <skipped/>
  </testcase> <!-- searchBarBoxVerify -->
  <system-out/>
  <testcase classname="pageTest.HomePage2Test" name="verifyLogoSuccessfully">
    <skipped/>
  </testcase> <!-- verifyLogoSuccessfully -->
  <system-out/>
</testsuite> <!-- pageTest.HomePage2Test -->
