<?xml version="1.0" encoding="UTF-8"?>
<!-- Generated by org.testng.reporters.JUnitReportReporter -->
<testsuite hostname="DESKTOP-2I04UOU" failures="0" tests="1" name="pageTest.ArtworksPageTest" time="33.940" errors="0" timestamp="2023-04-05T18:23:27 EDT" skipped="0">
  <testcase classname="pageTest.ArtworksPageTest" name="verifyArtworksButton" time="33.940"/>
  <system-out/>
</testsuite> <!-- pageTest.ArtworksPageTest -->
