<?xml version="1.0" encoding="UTF-8"?>
<!-- Generated by org.testng.reporters.JUnitReportReporter -->
<testsuite hostname="MacBook-Pro.local" failures="0" tests="2" name="pageTest.LoginPageTest" time="30.221" errors="0" timestamp="2023-04-02T12:21:17 EDT" skipped="0">
  <testcase classname="pageTest.LoginPageTest" name="loginSucessfullly" time="21.377"/>
  <system-out/>
  <testcase classname="pageTest.LoginPageTest" name="loginFail" time="8.844"/>
  <system-out/>
</testsuite> <!-- pageTest.LoginPageTest -->
