<?xml version="1.0" encoding="UTF-8"?>
<!-- Generated by org.testng.reporters.JUnitReportReporter -->
<testsuite hostname="MacBook-Pro.local" failures="0" tests="1" name="pageTest.BlogPageTest" time="25.238" errors="0" timestamp="2023-04-07T00:10:15 EDT" skipped="0">
  <testcase classname="pageTest.BlogPageTest" name="BlogpageTest" time="25.238"/>
  <system-out/>
</testsuite> <!-- pageTest.BlogPageTest -->
