<?xml version="1.0" encoding="UTF-8"?>
<!-- Generated by org.testng.reporters.JUnitReportReporter -->
<testsuite hostname="DESKTOP-2I04UOU" failures="0" tests="3" name="pageTest.ShoppingPageTest" time="39.733" errors="0" timestamp="2023-04-09T10:57:40 EDT" skipped="0">
  <testcase classname="pageTest.ShoppingPageTest" name="removeItemsMethod" time="15.965"/>
  <system-out/>
  <testcase classname="pageTest.ShoppingPageTest" name="buyArtworkMethod" time="12.621"/>
  <system-out/>
  <testcase classname="pageTest.ShoppingPageTest" name="loginSuccessfully" time="11.147"/>
  <system-out/>
</testsuite> <!-- pageTest.ShoppingPageTest -->
