<?xml version="1.0" encoding="UTF-8"?>
<!-- Generated by org.testng.reporters.JUnitReportReporter -->
<testsuite hostname="DESKTOP-SRN6TAJ" failures="0" tests="1" name="pageTest.BlogPageTest" time="14.811" errors="0" timestamp="2023-04-05T19:15:04 EDT" skipped="0">
  <testcase classname="pageTest.BlogPageTest" name="BlogpageTest" time="14.811"/>
  <system-out/>
</testsuite> <!-- pageTest.BlogPageTest -->
