<?xml version="1.0" encoding="UTF-8"?>
<!-- Generated by org.testng.reporters.JUnitReportReporter -->
<<<<<<< HEAD
<testsuite hostname="DESKTOP-2I04UOU" failures="0" tests="1" name="pageTest.AboutArtsperTest" time="17.748" errors="0" timestamp="2023-04-09T11:10:39 EDT" skipped="0">
  <testcase classname="pageTest.AboutArtsperTest" name="AboutArtspert" time="17.748"/>
=======
<<<<<<< HEAD
<testsuite hostname="MacBook-Pro.local" failures="0" tests="1" name="pageTest.AboutArtsperTest" time="29.316" errors="0" timestamp="2023-04-09T11:10:43 EDT" skipped="0">
  <testcase classname="pageTest.AboutArtsperTest" name="AboutArtspert" time="29.316"/>
=======
<testsuite hostname="DESKTOP-SRN6TAJ" failures="0" tests="1" name="pageTest.AboutArtsperTest" time="19.334" errors="0" timestamp="2023-04-09T11:11:23 EDT" skipped="0">
  <testcase classname="pageTest.AboutArtsperTest" name="AboutArtspert" time="19.334"/>
>>>>>>> 279f6122cbd83d9cb254f1a767653ba0c5e1a318
>>>>>>> 3a88dba0acb575bc86f02fbed520a4ff7a40f44e
  <system-out/>
</testsuite> <!-- pageTest.AboutArtsperTest -->
