<?xml version="1.0" encoding="UTF-8"?>
<!-- Generated by org.testng.reporters.JUnitReportReporter -->
<testsuite hostname="DESKTOP-SRN6TAJ" failures="0" tests="1" name="pageTest.AboutArtsperTest" time="19.334" errors="0" timestamp="2023-04-09T11:11:23 EDT" skipped="0">
  <testcase classname="pageTest.AboutArtsperTest" name="AboutArtspert" time="19.334"/>
  <system-out/>
</testsuite> <!-- pageTest.AboutArtsperTest -->
