<?xml version="1.0" encoding="UTF-8"?>
<!-- Generated by org.testng.reporters.JUnitReportReporter -->
<testsuite hostname="DESKTOP-2I04UOU" failures="0" tests="1" name="pageTest.GiftCardsPageTest" time="23.691" errors="0" timestamp="2023-04-09T11:14:52 EDT" skipped="0">
  <testcase classname="pageTest.GiftCardsPageTest" name="GiftCards" time="23.691"/>
  <system-out/>
</testsuite> <!-- pageTest.GiftCardsPageTest -->
