<?xml version="1.0" encoding="UTF-8"?>
<!-- Generated by org.testng.reporters.JUnitReportReporter -->
<testsuite hostname="MacBook-Pro.local" failures="0" tests="1" name="pageTest.GiftCardsPageTest" time="30.083" errors="0" timestamp="2023-04-07T00:11:11 EDT" skipped="0">
  <testcase classname="pageTest.GiftCardsPageTest" name="GiftCards" time="30.083"/>
  <system-out/>
</testsuite> <!-- pageTest.GiftCardsPageTest -->
